\BOOKMARK [0][]{ctitle.0}{\376\377\127\372\116\216\136\177\116\111\176\277\140\047\154\325\166\204\176\323\147\204\122\250\124\315\136\224\145\160\120\074\173\227\154\325\213\276\213\241}{}% 1
\BOOKMARK [0][]{etitle.0}{\376\377\000D\000e\000s\000i\000g\000n\000\040\000o\000f\000\040\000N\000u\000m\000e\000r\000i\000c\000a\000l\000\040\000A\000l\000g\000o\000r\000i\000t\000h\000m\000s\000\040\000f\000o\000r\000\040\000S\000t\000r\000u\000c\000t\000u\000r\000a\000l\000\040\000D\000y\000n\000a\000m\000c\000i\000s\000\040\000B\000a\000s\000e\000d\000\040\000o\000n\000\040\000t\000h\000e\000\040\000G\000e\000n\000e\000r\000a\000l\000\040\000L\000i\000n\000e\000a\000r\000\040\000m\000e\000t\000h\000o\000d}{}% 2
\BOOKMARK [0][]{section*.3}{\376\377\144\130\000\040\211\201}{}% 3
\BOOKMARK [0][]{section*.5}{\376\377\000A\000b\000s\000t\000r\000a\000c\000t}{}% 4
\BOOKMARK [0][]{section*.7}{\376\377\162\151\164\006\221\317\124\015\171\360\123\312\173\046\123\367\210\150}{}% 5
\BOOKMARK [0][]{ccontent.0}{\376\377\166\356\000\040\137\125}{}% 6
\BOOKMARK [0][]{chapter.1}{\376\377\173\054\0001\172\340\000\040\176\352\213\272}{}% 7
\BOOKMARK [1][-]{section.1.1}{\376\377\0001\000.\0001\000\040\213\376\230\230\147\145\156\220}{chapter.1}% 8
\BOOKMARK [1][-]{section.1.2}{\376\377\0001\000.\0002\000\040\213\376\230\230\170\024\172\166\200\314\146\157\060\001\166\356\166\204\124\214\141\017\116\111}{chapter.1}% 9
\BOOKMARK [2][-]{subsection.1.2.1}{\376\377\0001\000.\0002\000.\0001\000\040\176\323\147\204\122\250\124\315\136\224\225\356\230\230\166\204\135\345\172\013\200\314\146\157}{section.1.2}% 10
\BOOKMARK [2][-]{subsection.1.2.2}{\376\377\0001\000.\0002\000.\0002\000\040\176\323\147\204\122\250\124\315\136\224\145\160\120\074\173\227\154\325\166\204\145\160\133\146\122\233\133\146\200\314\146\157}{section.1.2}% 11
\BOOKMARK [2][-]{subsection.1.2.3}{\376\377\0001\000.\0002\000.\0003\000\040\213\376\230\230\170\024\172\166\166\204\141\017\116\111}{section.1.2}% 12
\BOOKMARK [1][-]{section.1.3}{\376\377\0001\000.\0003\000\040\126\375\121\205\131\026\170\024\172\166\163\260\162\266}{chapter.1}% 13
\BOOKMARK [1][-]{section.1.4}{\376\377\0001\000.\0004\000\040\147\054\145\207\116\073\211\201\170\024\172\166\121\205\133\271}{chapter.1}% 14
\BOOKMARK [0][]{chapter.2}{\376\377\173\054\0002\172\340\000\040\171\357\122\006\173\227\154\325\166\204\213\276\213\241\123\312\127\372\147\054\122\006\147\220}{}% 15
\BOOKMARK [1][-]{section.2.1}{\376\377\0002\000.\0001\000\040\136\177\116\111\176\277\140\047\154\325}{chapter.2}% 16
\BOOKMARK [2][-]{subsection.2.1.1}{\376\377\0002\000.\0001\000.\0001\000\040\176\277\140\047\131\032\153\145\154\325}{section.2.1}% 17
\BOOKMARK [2][-]{subsection.2.1.2}{\376\377\0002\000.\0001\000.\0002\000\040\000R\000u\000n\000g\000e\000-\000K\000u\000t\000t\000a\154\325}{section.2.1}% 18
\BOOKMARK [2][-]{subsection.2.1.3}{\376\377\0002\000.\0001\000.\0003\000\040\000O\000n\000e\000-\000l\000e\000g\145\271\154\325}{section.2.1}% 19
\BOOKMARK [1][-]{section.2.2}{\376\377\0002\000.\0002\000\040\166\370\133\271\140\047}{chapter.2}% 20
\BOOKMARK [1][-]{section.2.3}{\376\377\0002\000.\0003\000\040\172\063\133\232\140\047}{chapter.2}% 21
\BOOKMARK [1][-]{section.2.4}{\376\377\0002\000.\0004\000\040\145\066\145\133\140\047}{chapter.2}% 22
\BOOKMARK [1][-]{section.2.5}{\376\377\0002\000.\0005\000\040\174\276\136\246\122\006\147\220}{chapter.2}% 23
\BOOKMARK [2][-]{subsection.2.5.1}{\376\377\0002\000.\0005\000.\0001\000\040\145\160\120\074\200\027\145\143}{section.2.5}% 24
\BOOKMARK [2][-]{subsection.2.5.2}{\376\377\0002\000.\0005\000.\0002\000\040\145\160\120\074\137\045\145\143}{section.2.5}% 25
\BOOKMARK [1][-]{section.2.6}{\376\377\0002\000.\0006\000\040\215\205\214\003\210\114\116\072}{chapter.2}% 26
\BOOKMARK [1][-]{section.2.7}{\376\377\0002\000.\0007\000\040\206\132\120\107\150\071\122\006\147\220}{chapter.2}% 27
\BOOKMARK [1][-]{section.2.8}{\376\377\0002\000.\0008\000\040\166\364\143\245\171\357\122\006\154\325\166\204\145\076\131\047\167\351\226\065}{chapter.2}% 28
\BOOKMARK [1][-]{section.2.9}{\376\377\0002\000.\0009\000\040\147\054\172\340\134\017\176\323}{chapter.2}% 29
\BOOKMARK [0][]{chapter.3}{\376\377\173\054\0003\172\340\000\040\176\323\147\204\122\250\124\315\136\224\145\160\120\074\173\227\154\325}{}% 30
\BOOKMARK [1][-]{section.3.1}{\376\377\0003\000.\0001\000\040\147\011\226\120\135\356\122\006\154\325\000\050\176\277\140\047\131\032\153\145\154\325\000\051}{chapter.3}% 31
\BOOKMARK [2][-]{subsection.3.1.1}{\376\377\0003\000.\0001\000.\0001\000\040\124\021\122\115\153\047\142\311\154\325}{section.3.1}% 32
\BOOKMARK [2][-]{subsection.3.1.2}{\376\377\0003\000.\0001\000.\0002\000\040\124\021\124\016\153\047\142\311\154\325}{section.3.1}% 33
\BOOKMARK [2][-]{subsection.3.1.3}{\376\377\0003\000.\0001\000.\0003\000\040\136\177\116\111\150\257\137\142\173\227\154\325}{section.3.1}% 34
\BOOKMARK [2][-]{subsection.3.1.4}{\376\377\0003\000.\0001\000.\0004\000\040\116\055\160\271\121\154\137\017}{section.3.1}% 35
\BOOKMARK [2][-]{subsection.3.1.5}{\376\377\0003\000.\0001\000.\0005\000\040\116\055\137\303\135\356\122\006\154\325}{section.3.1}% 36
\BOOKMARK [2][-]{subsection.3.1.6}{\376\377\0003\000.\0001\000.\0006\000\040\000H\000o\000u\000b\000o\000l\000t\173\227\154\325}{section.3.1}% 37
\BOOKMARK [2][-]{subsection.3.1.7}{\376\377\0003\000.\0001\000.\0007\000\040\136\046\176\310\160\271\122\240\220\037\136\246\166\204\116\055\160\271\121\154\137\017}{section.3.1}% 38
\BOOKMARK [2][-]{subsection.3.1.8}{\376\377\0003\000.\0001\000.\0008\000\040\000N\000e\000w\000m\000a\000r\000k\173\227\154\325}{section.3.1}% 39
\BOOKMARK [2][-]{subsection.3.1.9}{\376\377\0003\000.\0001\000.\0009\000\040\000W\000i\000l\000s\000o\000n\000-\154\325}{section.3.1}% 40
\BOOKMARK [2][-]{subsection.3.1.10}{\376\377\0003\000.\0001\000.\0001\0000\000\040\000P\000a\000r\000k\173\227\154\325}{section.3.1}% 41
\BOOKMARK [2][-]{subsection.3.1.11}{\376\377\0003\000.\0001\000.\0001\0001\000\040\000H\000i\000l\000b\000e\000r\000-\000H\000u\000g\000h\000e\000s\000-\000T\000a\000y\000l\000o\000r\000-\173\227\154\325}{section.3.1}% 42
\BOOKMARK [2][-]{subsection.3.1.12}{\376\377\0003\000.\0001\000.\0001\0002\000\040\000W\000o\000o\000d\000-\000B\000o\000s\000a\000k\000-\000Z\000i\000e\000n\000k\000i\000e\000w\000i\000c\000z\000-\173\227\154\325}{section.3.1}% 43
\BOOKMARK [2][-]{subsection.3.1.13}{\376\377\0003\000.\0001\000.\0001\0003\000\040\127\372\116\216\220\037\136\246\146\364\145\260\166\204\000s\150\074\137\017}{section.3.1}% 44
\BOOKMARK [2][-]{subsection.3.1.14}{\376\377\0003\000.\0001\000.\0001\0004\000\040\136\046\116\055\160\271\122\240\220\037\136\246\166\204\116\055\160\271\121\154\137\017}{section.3.1}% 45
\BOOKMARK [2][-]{subsection.3.1.15}{\376\377\0003\000.\0001\000.\0001\0005\000\040\116\011\123\302\145\160\117\030\123\026\173\227\154\325\000/\000C\000H\000-\154\325}{section.3.1}% 46
\BOOKMARK [2][-]{subsection.3.1.16}{\376\377\0003\000.\0001\000.\0001\0006\000\040\136\177\116\111\173\227\154\325}{section.3.1}% 47
\BOOKMARK [1][-]{section.3.2}{\376\377\0003\000.\0002\000\040\122\240\147\103\153\213\120\074\154\325}{chapter.3}% 48
\BOOKMARK [2][-]{subsection.3.2.1}{\376\377\0003\000.\0002\000.\0001\000\040\000-\173\227\154\325}{section.3.2}% 49
\BOOKMARK [2][-]{subsection.3.2.2}{\376\377\0003\000.\0002\000.\0002\000\040\123\125\153\145\226\220\137\017\166\204\0001\150\074\137\017}{section.3.2}% 50
\BOOKMARK [2][-]{subsection.3.2.3}{\376\377\0003\000.\0002\000.\0003\000\040\232\330\226\066\133\374\145\160\166\204\123\125\153\145\146\076\137\017\173\227\154\325}{section.3.2}% 51
\BOOKMARK [2][-]{subsection.3.2.4}{\376\377\0003\000.\0002\000.\0004\000\040\123\125\153\145\123\125\211\343\173\227\154\325\150\106\147\266\000/\000G\000S\000S\000S\000S\173\227\154\325}{section.3.2}% 52
\BOOKMARK [1][-]{section.3.3}{\376\377\0003\000.\0003\000\040\145\366\225\364\133\120\153\145\173\126\165\145}{chapter.3}% 53
\BOOKMARK [2][-]{subsection.3.3.1}{\376\377\0003\000.\0003\000.\0001\000\040\000B\000E\000F\173\227\154\325}{section.3.3}% 54
\BOOKMARK [2][-]{subsection.3.3.2}{\376\377\0003\000.\0003\000.\0002\000\040\000B\000A\000D\000F\000-\000T\000R\173\227\154\325}{section.3.3}% 55
\BOOKMARK [2][-]{subsection.3.3.3}{\376\377\0003\000.\0003\000.\0003\000\040\000G\000C\000D\000-\000B\000D\000F\0002\173\227\154\325}{section.3.3}% 56
\BOOKMARK [2][-]{subsection.3.3.4}{\376\377\0003\000.\0003\000.\0004\000\040\000S\000o\000a\000r\000e\000s\000-\000J\000r\127\213\173\227\154\325}{section.3.3}% 57
\BOOKMARK [1][-]{section.3.4}{\376\377\0003\000.\0004\000\040\230\204\155\113\000-\150\041\153\143\173\227\154\325}{chapter.3}% 58
\BOOKMARK [1][-]{section.3.5}{\376\377\0003\000.\0005\000\040\176\323\147\204\117\235\215\126\127\213\166\364\143\245\171\357\122\006\154\325}{chapter.3}% 59
\BOOKMARK [1][-]{section.3.6}{\376\377\0003\000.\0006\000\040\131\015\124\010\127\213\133\120\153\145\226\220\137\017\173\227\154\325}{chapter.3}% 60
\BOOKMARK [2][-]{subsection.3.6.1}{\376\377\0003\000.\0006\000.\0001\000\040\000T\000R\000-\000B\000D\000F\0002\173\227\154\325}{section.3.6}% 61
\BOOKMARK [2][-]{subsection.3.6.2}{\376\377\0003\000.\0006\000.\0002\000\040\000T\000R\000-\000T\000R\000-\000H\000o\000u\000b\000o\000l\000t\173\227\154\325}{section.3.6}% 62
\BOOKMARK [2][-]{subsection.3.6.3}{\376\377\0003\000.\0006\000.\0003\000\040\000B\000D\000F\0002\000-\000N\000e\000w\000m\000a\000r\000k\173\227\154\325}{section.3.6}% 63
\BOOKMARK [2][-]{subsection.3.6.4}{\376\377\0003\000.\0006\000.\0004\000\040\000B\000D\000F\127\213\171\357\122\006\173\227\154\325}{section.3.6}% 64
\BOOKMARK [2][-]{subsection.3.6.5}{\376\377\0003\000.\0006\000.\0005\000\040\000T\000T\000B\000D\000F\173\227\154\325}{section.3.6}% 65
\BOOKMARK [2][-]{subsection.3.6.6}{\376\377\0003\000.\0006\000.\0006\000\040\000B\000D\000F\0002\000-\000B\000D\000F\0003\173\227\154\325}{section.3.6}% 66
\BOOKMARK [2][-]{subsection.3.6.7}{\376\377\0003\000.\0006\000.\0007\000\040\000B\000D\000F\0003\000B\000D\000F\0002\000-\000N\000e\000w\000m\000a\000r\000k\173\227\154\325}{section.3.6}% 67
\BOOKMARK [2][-]{subsection.3.6.8}{\376\377\0003\000.\0006\000.\0008\000\040\000C\000T\000F\000E\000A\173\227\154\325}{section.3.6}% 68
\BOOKMARK [2][-]{subsection.3.6.9}{\376\377\0003\000.\0006\000.\0009\000\040\000T\000R\000-\000B\000D\000F\0002\000-\000H\000o\000u\000b\000o\000l\000t\173\227\154\325}{section.3.6}% 69
\BOOKMARK [2][-]{subsection.3.6.10}{\376\377\0003\000.\0006\000.\0001\0000\000\040\000T\000R\000-\000N\000B\000D\000D\000F\000-\000N\173\227\154\325}{section.3.6}% 70
\BOOKMARK [2][-]{subsection.3.6.11}{\376\377\0003\000.\0006\000.\0001\0001\000\040\000T\000R\000-\000R\000P\173\227\154\325}{section.3.6}% 71
\BOOKMARK [1][-]{section.3.7}{\376\377\0003\000.\0007\000\040\131\015\124\010\127\213\133\120\153\145\146\076\137\017\173\227\154\325}{chapter.3}% 72
\BOOKMARK [2][-]{subsection.3.7.1}{\376\377\0003\000.\0007\000.\0001\000\040\000N\000o\000h\000-\000B\000a\000t\000h\000e\116\044\133\120\153\145\173\227\154\325}{section.3.7}% 73
\BOOKMARK [2][-]{subsection.3.7.2}{\376\377\0003\000.\0007\000.\0002\000\040\000K\000w\000o\000n\000-\000L\000e\000e\126\333\133\120\153\145\173\227\154\325}{section.3.7}% 74
\BOOKMARK [1][-]{section.3.8}{\376\377\0003\000.\0008\000\040\147\054\172\340\134\017\176\323}{chapter.3}% 75
\BOOKMARK [0][]{chapter.4}{\376\377\173\054\0004\172\340\000\040\127\372\116\216\136\177\116\111\176\277\140\047\154\325\166\204\176\323\147\204\122\250\124\315\136\224\145\160\120\074\173\227\154\325\213\276\213\241}{}% 76
\BOOKMARK [1][-]{section.4.1}{\376\377\0004\000.\0001\000\040\147\054\172\340\134\017\176\323}{chapter.4}% 77
\BOOKMARK [0][]{chapter.5}{\376\377\173\054\0005\172\340\000\040\145\160\120\074\173\227\117\213}{}% 78
\BOOKMARK [1][-]{section.5.1}{\376\377\0005\000.\0001\000\040\147\054\172\340\134\017\176\323}{chapter.5}% 79
\BOOKMARK [0][]{section*.16}{\376\377\176\323\000\040\213\272}{}% 80
\BOOKMARK [0][]{section*.19}{\376\377\123\302\200\003\145\207\163\056}{}% 81
\BOOKMARK [0][]{section*.21}{\376\377\145\073\213\373\170\125\130\353\133\146\117\115\147\037\225\364\123\321\210\150\166\204\213\272\145\207\123\312\121\166\116\326\142\020\147\234}{}% 82
\BOOKMARK [0][]{section*.27}{\376\377\124\310\134\024\156\350\135\345\116\032\131\047\133\146\133\146\117\115\213\272\145\207\123\237\122\033\140\047\130\360\146\016\124\214\117\177\165\050\147\103\226\120}{}% 83
\BOOKMARK [0][]{section*.29}{\376\377\201\364\000\040\214\042}{}% 84
