This is XeTeX, Version 3.14159265-2.6-0.99998 (TeX Live 2017/W32TeX) (preloaded format=xelatex 2017.6.12)  18 NOV 2017 16:05
entering extended mode
 restricted \write18 enabled.
 %&-line parsing enabled.
**./ch3.tex
(./ch3.tex
LaTeX2e <2017-04-15>
Babel <3.10> and hyphenation patterns for 84 language(s) loaded.
! Undefined control sequence.
l.1 \chapter
            {ç»“æ„åŠ¨å“åº”æ•°å€¼ç®—æ³•ç ”ç©¶ç°çŠ¶}
The control sequence at the end of the top line
of your error message was never \def'ed. If you have
misspelled it (e.g., `\hobx'), type `I' and the correct
spelling (e.g., `I\hbox'). Otherwise just continue,
and I'll forget about whatever was undefined.


! LaTeX Error: Missing \begin{document}.

See the LaTeX manual or LaTeX Companion for explanation.
Type  H <return>  for immediate help.
 ...                                              
                                                  
l.1 \chapter{ç»“
                æ„åŠ¨å“åº”æ•°å€¼ç®—æ³•ç ”ç©¶ç°çŠ¶}
You're in trouble here.  Try typing  <return>  to proceed.
If that doesn't work, type  X <return>  to quit.

Missing character: There is no ç»“ in font nullfont!
Missing character: There is no æ„ in font nullfont!
Missing character: There is no åŠ¨ in font nullfont!
Missing character: There is no å“ in font nullfont!
Missing character: There is no åº” in font nullfont!
Missing character: There is no æ•° in font nullfont!
Missing character: There is no å€¼ in font nullfont!
Missing character: There is no ç®— in font nullfont!
Missing character: There is no æ³• in font nullfont!
Missing character: There is no ç ” in font nullfont!
Missing character: There is no ç©¶ in font nullfont!
Missing character: There is no ç° in font nullfont!
Missing character: There is no çŠ¶ in font nullfont!

Overfull \hbox (20.0pt too wide) in paragraph at lines 1--2
[] 
 []

! Undefined control sequence.
l.4 \section
            {ä¼ ç»Ÿç›´æ¥ç§¯åˆ†æ³•}
The control sequence at the end of the top line
of your error message was never \def'ed. If you have
misspelled it (e.g., `\hobx'), type `I' and the correct
spelling (e.g., `I\hbox'). Otherwise just continue,
and I'll forget about whatever was undefined.


! LaTeX Error: Missing \begin{document}.

See the LaTeX manual or LaTeX Companion for explanation.
Type  H <return>  for immediate help.
 ...                                              
                                                  
l.4 \section{ä¼ 
                ç»Ÿç›´æ¥ç§¯åˆ†æ³•}
You're in trouble here.  Try typing  <return>  to proceed.
If that doesn't work, type  X <return>  to quit.

Missing character: There is no ä¼  in font nullfont!
Missing character: There is no ç»Ÿ in font nullfont!
Missing character: There is no ç›´ in font nullfont!
Missing character: There is no æ¥ in font nullfont!
Missing character: There is no ç§¯ in font nullfont!
Missing character: There is no åˆ† in font nullfont!
Missing character: There is no æ³• in font nullfont!

Overfull \hbox (20.0pt too wide) in paragraph at lines 4--5
[] 
 []

! Undefined control sequence.
l.8 \section
            {ç»“æ„ä¾èµ–å‹ç›´æ¥ç§¯åˆ†æ³•}
The control sequence at the end of the top line
of your error message was never \def'ed. If you have
misspelled it (e.g., `\hobx'), type `I' and the correct
spelling (e.g., `I\hbox'). Otherwise just continue,
and I'll forget about whatever was undefined.


! LaTeX Error: Missing \begin{document}.

See the LaTeX manual or LaTeX Companion for explanation.
Type  H <return>  for immediate help.
 ...                                              
                                                  
l.8 \section{ç»“
                æ„ä¾èµ–å‹ç›´æ¥ç§¯åˆ†æ³•}
You're in trouble here.  Try typing  <return>  to proceed.
If that doesn't work, type  X <return>  to quit.

Missing character: There is no ç»“ in font nullfont!
Missing character: There is no æ„ in font nullfont!
Missing character: There is no ä¾ in font nullfont!
Missing character: There is no èµ– in font nullfont!
Missing character: There is no å‹ in font nullfont!
Missing character: There is no ç›´ in font nullfont!
Missing character: There is no æ¥ in font nullfont!
Missing character: There is no ç§¯ in font nullfont!
Missing character: There is no åˆ† in font nullfont!
Missing character: There is no æ³• in font nullfont!

Overfull \hbox (20.0pt too wide) in paragraph at lines 8--9
[] 
 []

! Undefined control sequence.
l.12 \section
             {å¤åˆå‹å­æ­¥éšå¼ç®—æ³•}
The control sequence at the end of the top line
of your error message was never \def'ed. If you have
misspelled it (e.g., `\hobx'), type `I' and the correct
spelling (e.g., `I\hbox'). Otherwise just continue,
and I'll forget about whatever was undefined.


! LaTeX Error: Missing \begin{document}.

See the LaTeX manual or LaTeX Companion for explanation.
Type  H <return>  for immediate help.
 ...                                              
                                                  
l.12 \section{å¤
                 åˆå‹å­æ­¥éšå¼ç®—æ³•}
You're in trouble here.  Try typing  <return>  to proceed.
If that doesn't work, type  X <return>  to quit.

Missing character: There is no å¤ in font nullfont!
Missing character: There is no åˆ in font nullfont!
Missing character: There is no å‹ in font nullfont!
Missing character: There is no å­ in font nullfont!
Missing character: There is no æ­¥ in font nullfont!
Missing character: There is no éš in font nullfont!
Missing character: There is no å¼ in font nullfont!
Missing character: There is no ç®— in font nullfont!
Missing character: There is no æ³• in font nullfont!
Missing character: There is no T in font nullfont!
Missing character: There is no a in font nullfont!
Missing character: There is no r in font nullfont!
Missing character: There is no n in font nullfont!
Missing character: There is no o in font nullfont!
Missing character: There is no w in font nullfont!
Missing character: There is no å’Œ in font nullfont!
Missing character: There is no S in font nullfont!
Missing character: There is no i in font nullfont!
Missing character: There is no m in font nullfont!
Missing character: There is no o in font nullfont!
! Undefined control sequence.
l.13 Tarnowå’ŒSimo\inlinecite
                             {Tarnow1994}æå‡ºäº†ä¸€ä¸ªå­æ­¥å¤åˆæ–¹æ³•å°...
The control sequence at the end of the top line
of your error message was never \def'ed. If you have
misspelled it (e.g., `\hobx'), type `I' and the correct
spelling (e.g., `I\hbox'). Otherwise just continue,
and I'll forget about whatever was undefined.

Missing character: There is no T in font nullfont!
Missing character: There is no a in font nullfont!
Missing character: There is no r in font nullfont!
Missing character: There is no n in font nullfont!
Missing character: There is no o in font nullfont!
Missing character: There is no w in font nullfont!
Missing character: There is no 1 in font nullfont!
Missing character: There is no 9 in font nullfont!
Missing character: There is no 9 in font nullfont!
Missing character: There is no 4 in font nullfont!
Missing character: There is no æ in font nullfont!
Missing character: There is no å‡º in font nullfont!
Missing character: There is no äº† in font nullfont!
Missing character: There is no ä¸€ in font nullfont!
Missing character: There is no ä¸ª in font nullfont!
Missing character: There is no å­ in font nullfont!
Missing character: There is no æ­¥ in font nullfont!
Missing character: There is no å¤ in font nullfont!
Missing character: There is no åˆ in font nullfont!
Missing character: There is no æ–¹ in font nullfont!
Missing character: There is no æ³• in font nullfont!
Missing character: There is no å°† in font nullfont!
Missing character: There is no ä¸€ in font nullfont!
Missing character: There is no èˆ¬ in font nullfont!
Missing character: There is no çš„ in font nullfont!
Missing character: There is no äºŒ in font nullfont!
Missing character: There is no é˜¶ in font nullfont!
Missing character: There is no ç›´ in font nullfont!
Missing character: There is no æ¥ in font nullfont!
Missing character: There is no ç§¯ in font nullfont!
Missing character: There is no åˆ† in font nullfont!
Missing character: There is no æ³• in font nullfont!
Missing character: There is no çš„ in font nullfont!
Missing character: There is no ç²¾ in font nullfont!
Missing character: There is no åº¦ in font nullfont!
Missing character: There is no æ in font nullfont!
Missing character: There is no é«˜ in font nullfont!
Missing character: There is no åˆ° in font nullfont!
Missing character: There is no 4 in font nullfont!
Missing character: There is no å›› in font nullfont!
Missing character: There is no é˜¶ in font nullfont!
Missing character: There is no ã€‚ in font nullfont!
Missing character: There is no åœ¨ in font nullfont!
Missing character: There is no è¯¥ in font nullfont!
Missing character: There is no æ–¹ in font nullfont!
Missing character: There is no æ³• in font nullfont!
Missing character: There is no ä¸­ in font nullfont!
Missing character: There is no ï¼Œ in font nullfont!

Overfull \hbox (20.0pt too wide) in paragraph at lines 12--14
[]
 []

! Undefined control sequence.
l.19 \section
             {æœ¬ç« å°ç»“}
The control sequence at the end of the top line
of your error message was never \def'ed. If you have
misspelled it (e.g., `\hobx'), type `I' and the correct
spelling (e.g., `I\hbox'). Otherwise just continue,
and I'll forget about whatever was undefined.


! LaTeX Error: Missing \begin{document}.

See the LaTeX manual or LaTeX Companion for explanation.
Type  H <return>  for immediate help.
 ...                                              
                                                  
l.19 \section{æœ¬
                 ç« å°ç»“}
You're in trouble here.  Try typing  <return>  to proceed.
If that doesn't work, type  X <return>  to quit.

Missing character: There is no æœ¬ in font nullfont!
Missing character: There is no ç«  in font nullfont!
Missing character: There is no å° in font nullfont!
Missing character: There is no ç»“ in font nullfont!

Overfull \hbox (20.0pt too wide) in paragraph at lines 19--20
[] 
 []

)
! Emergency stop.
<*> ./ch3.tex
             
*** (job aborted, no legal \end found)

 
Here is how much of TeX's memory you used:
 4 strings out of 493005
 28 string characters out of 6137956
 61634 words of memory out of 5000000
 4077 multiletter control sequences out of 15000+600000
 3640 words of font info for 14 fonts, out of 8000000 for 9000
 1348 hyphenation exceptions out of 8191
 5i,0n,4p,84b,16s stack positions out of 5000i,500n,10000p,200000b,80000s
No pages of output.
